This file contains any messages produced by compilers while
running configure, to aid debugging if configure makes a mistake.

It was created by lndid configure 0.0.1, which was
generated by GNU Autoconf 2.69.  Invocation command line was

  $ ../configure 

## --------- ##
## Platform. ##
## --------- ##

hostname = KIR-00091
uname -m = x86_64
uname -r = 4.4.0-17134-Microsoft
uname -s = Linux
uname -v = #523-Microsoft Mon Dec 31 17:49:00 PST 2018

/usr/bin/uname -p = unknown
/bin/uname -X     = unknown

/bin/arch              = unknown
/usr/bin/arch -k       = unknown
/usr/convex/getsysinfo = unknown
/usr/bin/hostinfo      = unknown
/bin/machine           = unknown
/usr/bin/oslevel       = unknown
/bin/universe          = unknown

PATH: /usr/local/sbin
PATH: /usr/local/bin
PATH: /usr/sbin
PATH: /usr/bin
PATH: /sbin
PATH: /bin
PATH: /usr/games
PATH: /usr/local/games
PATH: /mnt/c/Program Files (x86)/Intel/iCLS Client
PATH: /mnt/c/Program Files/Python37/Scripts
PATH: /mnt/c/Program Files/Python37
PATH: /mnt/c/Program Files (x86)/Common Files/Oracle/Java/javapath_target_345188296
PATH: /mnt/c/Program Files/Intel/iCLS Client
PATH: /mnt/c/Windows/System32
PATH: /mnt/c/Windows
PATH: /mnt/c/Windows/System32/wbem
PATH: /mnt/c/Windows/System32/WindowsPowerShell/v1.0
PATH: /mnt/c/Windows/System32/OpenSSH
PATH: /mnt/c/Program Files/TortoiseSVN/bin
PATH: /mnt/c/Program Files/vim/vim81
PATH: /mnt/c/Program Files/Git/cmd
PATH: /mnt/c/Program Files/Git/mingw64/bin
PATH: /mnt/c/Program Files/Git/usr/bin
PATH: /mnt/c/Program Files/Intel/WiFi/bin
PATH: /mnt/c/Program Files/Common Files/Intel/WirelessCommon
PATH: /mnt/c/Program Files (x86)/Intel/Intel(R) Management Engine Components/DAL
PATH: /mnt/c/Program Files/Intel/Intel(R) Management Engine Components/DAL
PATH: /mnt/c/texlive/2018/bin/win32
PATH: /mnt/c/Users/michael.hawkins/AppData/Local/Microsoft/WindowsApps
PATH: /snap/bin


## ----------- ##
## Core tests. ##
## ----------- ##

configure:2433: checking for a BSD-compatible install
configure:2501: result: /usr/bin/install -c
configure:2512: checking whether build environment is sane
configure:2567: result: yes
configure:2718: checking for a thread-safe mkdir -p
configure:2757: result: /bin/mkdir -p
configure:2764: checking for gawk
configure:2780: found /usr/bin/gawk
configure:2791: result: gawk
configure:2802: checking whether make sets $(MAKE)
configure:2824: result: yes
configure:2853: checking whether make supports nested variables
configure:2870: result: yes
configure:3058: checking for g++
configure:3074: found /usr/bin/g++
configure:3085: result: g++
configure:3112: checking for C++ compiler version
configure:3121: g++ --version >&5
g++ (Ubuntu 7.3.0-27ubuntu1~18.04) 7.3.0
Copyright (C) 2017 Free Software Foundation, Inc.
This is free software; see the source for copying conditions.  There is NO
warranty; not even for MERCHANTABILITY or FITNESS FOR A PARTICULAR PURPOSE.

configure:3132: $? = 0
configure:3121: g++ -v >&5
Using built-in specs.
COLLECT_GCC=g++
COLLECT_LTO_WRAPPER=/usr/lib/gcc/x86_64-linux-gnu/7/lto-wrapper
OFFLOAD_TARGET_NAMES=nvptx-none
OFFLOAD_TARGET_DEFAULT=1
Target: x86_64-linux-gnu
Configured with: ../src/configure -v --with-pkgversion='Ubuntu 7.3.0-27ubuntu1~18.04' --with-bugurl=file:///usr/share/doc/gcc-7/README.Bugs --enable-languages=c,ada,c++,go,brig,d,fortran,objc,obj-c++ --prefix=/usr --with-gcc-major-version-only --program-suffix=-7 --program-prefix=x86_64-linux-gnu- --enable-shared --enable-linker-build-id --libexecdir=/usr/lib --without-included-gettext --enable-threads=posix --libdir=/usr/lib --enable-nls --with-sysroot=/ --enable-clocale=gnu --enable-libstdcxx-debug --enable-libstdcxx-time=yes --with-default-libstdcxx-abi=new --enable-gnu-unique-object --disable-vtable-verify --enable-libmpx --enable-plugin --enable-default-pie --with-system-zlib --with-target-system-zlib --enable-objc-gc=auto --enable-multiarch --disable-werror --with-arch-32=i686 --with-abi=m64 --with-multilib-list=m32,m64,mx32 --enable-multilib --with-tune=generic --enable-offload-targets=nvptx-none --without-cuda-driver --enable-checking=release --build=x86_64-linux-gnu --host=x86_64-linux-gnu --target=x86_64-linux-gnu
Thread model: posix
gcc version 7.3.0 (Ubuntu 7.3.0-27ubuntu1~18.04) 
configure:3132: $? = 0
configure:3121: g++ -V >&5
g++: error: unrecognized command line option '-V'
g++: fatal error: no input files
compilation terminated.
configure:3132: $? = 1
configure:3121: g++ -qversion >&5
g++: error: unrecognized command line option '-qversion'; did you mean '--version'?
g++: fatal error: no input files
compilation terminated.
configure:3132: $? = 1
configure:3152: checking whether the C++ compiler works
configure:3174: g++    conftest.cpp  >&5
configure:3178: $? = 0
configure:3226: result: yes
configure:3229: checking for C++ compiler default output file name
configure:3231: result: a.out
configure:3237: checking for suffix of executables
configure:3244: g++ -o conftest    conftest.cpp  >&5
configure:3248: $? = 0
configure:3270: result: 
configure:3292: checking whether we are cross compiling
configure:3300: g++ -o conftest    conftest.cpp  >&5
configure:3304: $? = 0
configure:3311: ./conftest
configure:3315: $? = 0
configure:3330: result: no
configure:3335: checking for suffix of object files
configure:3357: g++ -c   conftest.cpp >&5
configure:3361: $? = 0
configure:3382: result: o
configure:3386: checking whether we are using the GNU C++ compiler
configure:3405: g++ -c   conftest.cpp >&5
configure:3405: $? = 0
configure:3414: result: yes
configure:3423: checking whether g++ accepts -g
configure:3443: g++ -c -g  conftest.cpp >&5
configure:3443: $? = 0
configure:3484: result: yes
configure:3518: checking for style of include used by make
configure:3546: result: GNU
configure:3572: checking dependency style of g++
configure:3683: result: gcc3
configure:3746: checking for gcc
configure:3762: found /usr/bin/gcc
configure:3773: result: gcc
configure:4002: checking for C compiler version
configure:4011: gcc --version >&5
gcc (Ubuntu 7.3.0-27ubuntu1~18.04) 7.3.0
Copyright (C) 2017 Free Software Foundation, Inc.
This is free software; see the source for copying conditions.  There is NO
warranty; not even for MERCHANTABILITY or FITNESS FOR A PARTICULAR PURPOSE.

configure:4022: $? = 0
configure:4011: gcc -v >&5
Using built-in specs.
COLLECT_GCC=gcc
COLLECT_LTO_WRAPPER=/usr/lib/gcc/x86_64-linux-gnu/7/lto-wrapper
OFFLOAD_TARGET_NAMES=nvptx-none
OFFLOAD_TARGET_DEFAULT=1
Target: x86_64-linux-gnu
Configured with: ../src/configure -v --with-pkgversion='Ubuntu 7.3.0-27ubuntu1~18.04' --with-bugurl=file:///usr/share/doc/gcc-7/README.Bugs --enable-languages=c,ada,c++,go,brig,d,fortran,objc,obj-c++ --prefix=/usr --with-gcc-major-version-only --program-suffix=-7 --program-prefix=x86_64-linux-gnu- --enable-shared --enable-linker-build-id --libexecdir=/usr/lib --without-included-gettext --enable-threads=posix --libdir=/usr/lib --enable-nls --with-sysroot=/ --enable-clocale=gnu --enable-libstdcxx-debug --enable-libstdcxx-time=yes --with-default-libstdcxx-abi=new --enable-gnu-unique-object --disable-vtable-verify --enable-libmpx --enable-plugin --enable-default-pie --with-system-zlib --with-target-system-zlib --enable-objc-gc=auto --enable-multiarch --disable-werror --with-arch-32=i686 --with-abi=m64 --with-multilib-list=m32,m64,mx32 --enable-multilib --with-tune=generic --enable-offload-targets=nvptx-none --without-cuda-driver --enable-checking=release --build=x86_64-linux-gnu --host=x86_64-linux-gnu --target=x86_64-linux-gnu
Thread model: posix
gcc version 7.3.0 (Ubuntu 7.3.0-27ubuntu1~18.04) 
configure:4022: $? = 0
configure:4011: gcc -V >&5
gcc: error: unrecognized command line option '-V'
gcc: fatal error: no input files
compilation terminated.
configure:4022: $? = 1
configure:4011: gcc -qversion >&5
gcc: error: unrecognized command line option '-qversion'; did you mean '--version'?
gcc: fatal error: no input files
compilation terminated.
configure:4022: $? = 1
configure:4026: checking whether we are using the GNU C compiler
configure:4045: gcc -c   conftest.c >&5
configure:4045: $? = 0
configure:4054: result: yes
configure:4063: checking whether gcc accepts -g
configure:4083: gcc -c -g  conftest.c >&5
configure:4083: $? = 0
configure:4124: result: yes
configure:4141: checking for gcc option to accept ISO C89
configure:4204: gcc  -c -g -O2  conftest.c >&5
configure:4204: $? = 0
configure:4217: result: none needed
configure:4242: checking whether gcc understands -c and -o together
configure:4264: gcc -c conftest.c -o conftest2.o
configure:4267: $? = 0
configure:4264: gcc -c conftest.c -o conftest2.o
configure:4267: $? = 0
configure:4279: result: yes
configure:4298: checking dependency style of gcc
configure:4409: result: gcc3
configure:4434: checking how to run the C preprocessor
configure:4465: gcc -E  conftest.c
configure:4465: $? = 0
configure:4479: gcc -E  conftest.c
conftest.c:11:10: fatal error: ac_nonexistent.h: No such file or directory
 #include <ac_nonexistent.h>
          ^~~~~~~~~~~~~~~~~~
compilation terminated.
configure:4479: $? = 1
configure: failed program was:
| /* confdefs.h */
| #define PACKAGE_NAME "lndid"
| #define PACKAGE_TARNAME "lndid"
| #define PACKAGE_VERSION "0.0.1"
| #define PACKAGE_STRING "lndid 0.0.1"
| #define PACKAGE_BUGREPORT "michael@runcrypto.com"
| #define PACKAGE_URL ""
| #define PACKAGE "lndid"
| #define VERSION "0.0.1"
| /* end confdefs.h.  */
| #include <ac_nonexistent.h>
configure:4504: result: gcc -E
configure:4524: gcc -E  conftest.c
configure:4524: $? = 0
configure:4538: gcc -E  conftest.c
conftest.c:11:10: fatal error: ac_nonexistent.h: No such file or directory
 #include <ac_nonexistent.h>
          ^~~~~~~~~~~~~~~~~~
compilation terminated.
configure:4538: $? = 1
configure: failed program was:
| /* confdefs.h */
| #define PACKAGE_NAME "lndid"
| #define PACKAGE_TARNAME "lndid"
| #define PACKAGE_VERSION "0.0.1"
| #define PACKAGE_STRING "lndid 0.0.1"
| #define PACKAGE_BUGREPORT "michael@runcrypto.com"
| #define PACKAGE_URL ""
| #define PACKAGE "lndid"
| #define VERSION "0.0.1"
| /* end confdefs.h.  */
| #include <ac_nonexistent.h>
configure:4567: checking for grep that handles long lines and -e
configure:4625: result: /bin/grep
configure:4630: checking for egrep
configure:4692: result: /bin/grep -E
configure:4697: checking for ANSI C header files
configure:4717: gcc -c -g -O2  conftest.c >&5
configure:4717: $? = 0
configure:4790: gcc -o conftest -g -O2   conftest.c  >&5
configure:4790: $? = 0
configure:4790: ./conftest
configure:4790: $? = 0
configure:4801: result: yes
configure:4814: checking for sys/types.h
configure:4814: gcc -c -g -O2  conftest.c >&5
configure:4814: $? = 0
configure:4814: result: yes
configure:4814: checking for sys/stat.h
configure:4814: gcc -c -g -O2  conftest.c >&5
configure:4814: $? = 0
configure:4814: result: yes
configure:4814: checking for stdlib.h
configure:4814: gcc -c -g -O2  conftest.c >&5
configure:4814: $? = 0
configure:4814: result: yes
configure:4814: checking for string.h
configure:4814: gcc -c -g -O2  conftest.c >&5
configure:4814: $? = 0
configure:4814: result: yes
configure:4814: checking for memory.h
configure:4814: gcc -c -g -O2  conftest.c >&5
configure:4814: $? = 0
configure:4814: result: yes
configure:4814: checking for strings.h
configure:4814: gcc -c -g -O2  conftest.c >&5
configure:4814: $? = 0
configure:4814: result: yes
configure:4814: checking for inttypes.h
configure:4814: gcc -c -g -O2  conftest.c >&5
configure:4814: $? = 0
configure:4814: result: yes
configure:4814: checking for stdint.h
configure:4814: gcc -c -g -O2  conftest.c >&5
configure:4814: $? = 0
configure:4814: result: yes
configure:4814: checking for unistd.h
configure:4814: gcc -c -g -O2  conftest.c >&5
configure:4814: $? = 0
configure:4814: result: yes
configure:4829: checking for stdint.h
configure:4829: result: yes
configure:4829: checking for stdlib.h
configure:4829: result: yes
configure:4829: checking for string.h
configure:4829: result: yes
configure:4841: checking for stdbool.h that conforms to C99
configure:4908: gcc -c -g -O2  conftest.c >&5
configure:4908: $? = 0
configure:4915: result: yes
configure:4917: checking for _Bool
configure:4917: gcc -c -g -O2  conftest.c >&5
configure:4917: $? = 0
configure:4917: gcc -c -g -O2  conftest.c >&5
conftest.c: In function 'main':
conftest.c:60:20: error: expected expression before ')' token
 if (sizeof ((_Bool)))
                    ^
configure:4917: $? = 1
configure: failed program was:
| /* confdefs.h */
| #define PACKAGE_NAME "lndid"
| #define PACKAGE_TARNAME "lndid"
| #define PACKAGE_VERSION "0.0.1"
| #define PACKAGE_STRING "lndid 0.0.1"
| #define PACKAGE_BUGREPORT "michael@runcrypto.com"
| #define PACKAGE_URL ""
| #define PACKAGE "lndid"
| #define VERSION "0.0.1"
| #define STDC_HEADERS 1
| #define HAVE_SYS_TYPES_H 1
| #define HAVE_SYS_STAT_H 1
| #define HAVE_STDLIB_H 1
| #define HAVE_STRING_H 1
| #define HAVE_MEMORY_H 1
| #define HAVE_STRINGS_H 1
| #define HAVE_INTTYPES_H 1
| #define HAVE_STDINT_H 1
| #define HAVE_UNISTD_H 1
| #define HAVE_STDINT_H 1
| #define HAVE_STDLIB_H 1
| #define HAVE_STRING_H 1
| /* end confdefs.h.  */
| #include <stdio.h>
| #ifdef HAVE_SYS_TYPES_H
| # include <sys/types.h>
| #endif
| #ifdef HAVE_SYS_STAT_H
| # include <sys/stat.h>
| #endif
| #ifdef STDC_HEADERS
| # include <stdlib.h>
| # include <stddef.h>
| #else
| # ifdef HAVE_STDLIB_H
| #  include <stdlib.h>
| # endif
| #endif
| #ifdef HAVE_STRING_H
| # if !defined STDC_HEADERS && defined HAVE_MEMORY_H
| #  include <memory.h>
| # endif
| # include <string.h>
| #endif
| #ifdef HAVE_STRINGS_H
| # include <strings.h>
| #endif
| #ifdef HAVE_INTTYPES_H
| # include <inttypes.h>
| #endif
| #ifdef HAVE_STDINT_H
| # include <stdint.h>
| #endif
| #ifdef HAVE_UNISTD_H
| # include <unistd.h>
| #endif
| int
| main ()
| {
| if (sizeof ((_Bool)))
| 	    return 0;
|   ;
|   return 0;
| }
configure:4917: result: yes
configure:4928: checking for inline
configure:4944: gcc -c -g -O2  conftest.c >&5
configure:4944: $? = 0
configure:4952: result: inline
configure:4970: checking for int16_t
configure:4970: gcc -c -g -O2  conftest.c >&5
configure:4970: $? = 0
configure:4970: gcc -c -g -O2  conftest.c >&5
conftest.c: In function 'main':
conftest.c:62:12: error: size of array 'test_array' is negative
 static int test_array [1 - 2 * !((int16_t) (((((int16_t) 1 << N) << N) - 1) * 2 + 1)
            ^~~~~~~~~~
configure:4970: $? = 1
configure: failed program was:
| /* confdefs.h */
| #define PACKAGE_NAME "lndid"
| #define PACKAGE_TARNAME "lndid"
| #define PACKAGE_VERSION "0.0.1"
| #define PACKAGE_STRING "lndid 0.0.1"
| #define PACKAGE_BUGREPORT "michael@runcrypto.com"
| #define PACKAGE_URL ""
| #define PACKAGE "lndid"
| #define VERSION "0.0.1"
| #define STDC_HEADERS 1
| #define HAVE_SYS_TYPES_H 1
| #define HAVE_SYS_STAT_H 1
| #define HAVE_STDLIB_H 1
| #define HAVE_STRING_H 1
| #define HAVE_MEMORY_H 1
| #define HAVE_STRINGS_H 1
| #define HAVE_INTTYPES_H 1
| #define HAVE_STDINT_H 1
| #define HAVE_UNISTD_H 1
| #define HAVE_STDINT_H 1
| #define HAVE_STDLIB_H 1
| #define HAVE_STRING_H 1
| #define HAVE__BOOL 1
| /* end confdefs.h.  */
| #include <stdio.h>
| #ifdef HAVE_SYS_TYPES_H
| # include <sys/types.h>
| #endif
| #ifdef HAVE_SYS_STAT_H
| # include <sys/stat.h>
| #endif
| #ifdef STDC_HEADERS
| # include <stdlib.h>
| # include <stddef.h>
| #else
| # ifdef HAVE_STDLIB_H
| #  include <stdlib.h>
| # endif
| #endif
| #ifdef HAVE_STRING_H
| # if !defined STDC_HEADERS && defined HAVE_MEMORY_H
| #  include <memory.h>
| # endif
| # include <string.h>
| #endif
| #ifdef HAVE_STRINGS_H
| # include <strings.h>
| #endif
| #ifdef HAVE_INTTYPES_H
| # include <inttypes.h>
| #endif
| #ifdef HAVE_STDINT_H
| # include <stdint.h>
| #endif
| #ifdef HAVE_UNISTD_H
| # include <unistd.h>
| #endif
| 	        enum { N = 16 / 2 - 1 };
| int
| main ()
| {
| static int test_array [1 - 2 * !((int16_t) (((((int16_t) 1 << N) << N) - 1) * 2 + 1)
| 		 < (int16_t) (((((int16_t) 1 << N) << N) - 1) * 2 + 2))];
| test_array [0] = 0;
| return test_array [0];
| 
|   ;
|   return 0;
| }
configure:4970: result: yes
configure:4981: checking for int32_t
configure:4981: gcc -c -g -O2  conftest.c >&5
configure:4981: $? = 0
configure:4981: gcc -c -g -O2  conftest.c >&5
conftest.c: In function 'main':
conftest.c:63:53: warning: integer overflow in expression [-Woverflow]
    < (int32_t) (((((int32_t) 1 << N) << N) - 1) * 2 + 2))];
                                                     ^
conftest.c:62:12: error: storage size of 'test_array' isn't constant
 static int test_array [1 - 2 * !((int32_t) (((((int32_t) 1 << N) << N) - 1) * 2 + 1)
            ^~~~~~~~~~
configure:4981: $? = 1
configure: failed program was:
| /* confdefs.h */
| #define PACKAGE_NAME "lndid"
| #define PACKAGE_TARNAME "lndid"
| #define PACKAGE_VERSION "0.0.1"
| #define PACKAGE_STRING "lndid 0.0.1"
| #define PACKAGE_BUGREPORT "michael@runcrypto.com"
| #define PACKAGE_URL ""
| #define PACKAGE "lndid"
| #define VERSION "0.0.1"
| #define STDC_HEADERS 1
| #define HAVE_SYS_TYPES_H 1
| #define HAVE_SYS_STAT_H 1
| #define HAVE_STDLIB_H 1
| #define HAVE_STRING_H 1
| #define HAVE_MEMORY_H 1
| #define HAVE_STRINGS_H 1
| #define HAVE_INTTYPES_H 1
| #define HAVE_STDINT_H 1
| #define HAVE_UNISTD_H 1
| #define HAVE_STDINT_H 1
| #define HAVE_STDLIB_H 1
| #define HAVE_STRING_H 1
| #define HAVE__BOOL 1
| /* end confdefs.h.  */
| #include <stdio.h>
| #ifdef HAVE_SYS_TYPES_H
| # include <sys/types.h>
| #endif
| #ifdef HAVE_SYS_STAT_H
| # include <sys/stat.h>
| #endif
| #ifdef STDC_HEADERS
| # include <stdlib.h>
| # include <stddef.h>
| #else
| # ifdef HAVE_STDLIB_H
| #  include <stdlib.h>
| # endif
| #endif
| #ifdef HAVE_STRING_H
| # if !defined STDC_HEADERS && defined HAVE_MEMORY_H
| #  include <memory.h>
| # endif
| # include <string.h>
| #endif
| #ifdef HAVE_STRINGS_H
| # include <strings.h>
| #endif
| #ifdef HAVE_INTTYPES_H
| # include <inttypes.h>
| #endif
| #ifdef HAVE_STDINT_H
| # include <stdint.h>
| #endif
| #ifdef HAVE_UNISTD_H
| # include <unistd.h>
| #endif
| 	        enum { N = 32 / 2 - 1 };
| int
| main ()
| {
| static int test_array [1 - 2 * !((int32_t) (((((int32_t) 1 << N) << N) - 1) * 2 + 1)
| 		 < (int32_t) (((((int32_t) 1 << N) << N) - 1) * 2 + 2))];
| test_array [0] = 0;
| return test_array [0];
| 
|   ;
|   return 0;
| }
configure:4981: result: yes
configure:4992: checking for int64_t
configure:4992: gcc -c -g -O2  conftest.c >&5
configure:4992: $? = 0
configure:4992: gcc -c -g -O2  conftest.c >&5
conftest.c: In function 'main':
conftest.c:63:53: warning: integer overflow in expression [-Woverflow]
    < (int64_t) (((((int64_t) 1 << N) << N) - 1) * 2 + 2))];
                                                     ^
conftest.c:62:12: error: storage size of 'test_array' isn't constant
 static int test_array [1 - 2 * !((int64_t) (((((int64_t) 1 << N) << N) - 1) * 2 + 1)
            ^~~~~~~~~~
configure:4992: $? = 1
configure: failed program was:
| /* confdefs.h */
| #define PACKAGE_NAME "lndid"
| #define PACKAGE_TARNAME "lndid"
| #define PACKAGE_VERSION "0.0.1"
| #define PACKAGE_STRING "lndid 0.0.1"
| #define PACKAGE_BUGREPORT "michael@runcrypto.com"
| #define PACKAGE_URL ""
| #define PACKAGE "lndid"
| #define VERSION "0.0.1"
| #define STDC_HEADERS 1
| #define HAVE_SYS_TYPES_H 1
| #define HAVE_SYS_STAT_H 1
| #define HAVE_STDLIB_H 1
| #define HAVE_STRING_H 1
| #define HAVE_MEMORY_H 1
| #define HAVE_STRINGS_H 1
| #define HAVE_INTTYPES_H 1
| #define HAVE_STDINT_H 1
| #define HAVE_UNISTD_H 1
| #define HAVE_STDINT_H 1
| #define HAVE_STDLIB_H 1
| #define HAVE_STRING_H 1
| #define HAVE__BOOL 1
| /* end confdefs.h.  */
| #include <stdio.h>
| #ifdef HAVE_SYS_TYPES_H
| # include <sys/types.h>
| #endif
| #ifdef HAVE_SYS_STAT_H
| # include <sys/stat.h>
| #endif
| #ifdef STDC_HEADERS
| # include <stdlib.h>
| # include <stddef.h>
| #else
| # ifdef HAVE_STDLIB_H
| #  include <stdlib.h>
| # endif
| #endif
| #ifdef HAVE_STRING_H
| # if !defined STDC_HEADERS && defined HAVE_MEMORY_H
| #  include <memory.h>
| # endif
| # include <string.h>
| #endif
| #ifdef HAVE_STRINGS_H
| # include <strings.h>
| #endif
| #ifdef HAVE_INTTYPES_H
| # include <inttypes.h>
| #endif
| #ifdef HAVE_STDINT_H
| # include <stdint.h>
| #endif
| #ifdef HAVE_UNISTD_H
| # include <unistd.h>
| #endif
| 	        enum { N = 64 / 2 - 1 };
| int
| main ()
| {
| static int test_array [1 - 2 * !((int64_t) (((((int64_t) 1 << N) << N) - 1) * 2 + 1)
| 		 < (int64_t) (((((int64_t) 1 << N) << N) - 1) * 2 + 2))];
| test_array [0] = 0;
| return test_array [0];
| 
|   ;
|   return 0;
| }
configure:4992: result: yes
configure:5003: checking for int8_t
configure:5003: gcc -c -g -O2  conftest.c >&5
configure:5003: $? = 0
configure:5003: gcc -c -g -O2  conftest.c >&5
conftest.c: In function 'main':
conftest.c:62:12: error: size of array 'test_array' is negative
 static int test_array [1 - 2 * !((int8_t) (((((int8_t) 1 << N) << N) - 1) * 2 + 1)
            ^~~~~~~~~~
configure:5003: $? = 1
configure: failed program was:
| /* confdefs.h */
| #define PACKAGE_NAME "lndid"
| #define PACKAGE_TARNAME "lndid"
| #define PACKAGE_VERSION "0.0.1"
| #define PACKAGE_STRING "lndid 0.0.1"
| #define PACKAGE_BUGREPORT "michael@runcrypto.com"
| #define PACKAGE_URL ""
| #define PACKAGE "lndid"
| #define VERSION "0.0.1"
| #define STDC_HEADERS 1
| #define HAVE_SYS_TYPES_H 1
| #define HAVE_SYS_STAT_H 1
| #define HAVE_STDLIB_H 1
| #define HAVE_STRING_H 1
| #define HAVE_MEMORY_H 1
| #define HAVE_STRINGS_H 1
| #define HAVE_INTTYPES_H 1
| #define HAVE_STDINT_H 1
| #define HAVE_UNISTD_H 1
| #define HAVE_STDINT_H 1
| #define HAVE_STDLIB_H 1
| #define HAVE_STRING_H 1
| #define HAVE__BOOL 1
| /* end confdefs.h.  */
| #include <stdio.h>
| #ifdef HAVE_SYS_TYPES_H
| # include <sys/types.h>
| #endif
| #ifdef HAVE_SYS_STAT_H
| # include <sys/stat.h>
| #endif
| #ifdef STDC_HEADERS
| # include <stdlib.h>
| # include <stddef.h>
| #else
| # ifdef HAVE_STDLIB_H
| #  include <stdlib.h>
| # endif
| #endif
| #ifdef HAVE_STRING_H
| # if !defined STDC_HEADERS && defined HAVE_MEMORY_H
| #  include <memory.h>
| # endif
| # include <string.h>
| #endif
| #ifdef HAVE_STRINGS_H
| # include <strings.h>
| #endif
| #ifdef HAVE_INTTYPES_H
| # include <inttypes.h>
| #endif
| #ifdef HAVE_STDINT_H
| # include <stdint.h>
| #endif
| #ifdef HAVE_UNISTD_H
| # include <unistd.h>
| #endif
| 	        enum { N = 8 / 2 - 1 };
| int
| main ()
| {
| static int test_array [1 - 2 * !((int8_t) (((((int8_t) 1 << N) << N) - 1) * 2 + 1)
| 		 < (int8_t) (((((int8_t) 1 << N) << N) - 1) * 2 + 2))];
| test_array [0] = 0;
| return test_array [0];
| 
|   ;
|   return 0;
| }
configure:5003: result: yes
configure:5014: checking for size_t
configure:5014: gcc -c -g -O2  conftest.c >&5
configure:5014: $? = 0
configure:5014: gcc -c -g -O2  conftest.c >&5
conftest.c: In function 'main':
conftest.c:61:21: error: expected expression before ')' token
 if (sizeof ((size_t)))
                     ^
configure:5014: $? = 1
configure: failed program was:
| /* confdefs.h */
| #define PACKAGE_NAME "lndid"
| #define PACKAGE_TARNAME "lndid"
| #define PACKAGE_VERSION "0.0.1"
| #define PACKAGE_STRING "lndid 0.0.1"
| #define PACKAGE_BUGREPORT "michael@runcrypto.com"
| #define PACKAGE_URL ""
| #define PACKAGE "lndid"
| #define VERSION "0.0.1"
| #define STDC_HEADERS 1
| #define HAVE_SYS_TYPES_H 1
| #define HAVE_SYS_STAT_H 1
| #define HAVE_STDLIB_H 1
| #define HAVE_STRING_H 1
| #define HAVE_MEMORY_H 1
| #define HAVE_STRINGS_H 1
| #define HAVE_INTTYPES_H 1
| #define HAVE_STDINT_H 1
| #define HAVE_UNISTD_H 1
| #define HAVE_STDINT_H 1
| #define HAVE_STDLIB_H 1
| #define HAVE_STRING_H 1
| #define HAVE__BOOL 1
| /* end confdefs.h.  */
| #include <stdio.h>
| #ifdef HAVE_SYS_TYPES_H
| # include <sys/types.h>
| #endif
| #ifdef HAVE_SYS_STAT_H
| # include <sys/stat.h>
| #endif
| #ifdef STDC_HEADERS
| # include <stdlib.h>
| # include <stddef.h>
| #else
| # ifdef HAVE_STDLIB_H
| #  include <stdlib.h>
| # endif
| #endif
| #ifdef HAVE_STRING_H
| # if !defined STDC_HEADERS && defined HAVE_MEMORY_H
| #  include <memory.h>
| # endif
| # include <string.h>
| #endif
| #ifdef HAVE_STRINGS_H
| # include <strings.h>
| #endif
| #ifdef HAVE_INTTYPES_H
| # include <inttypes.h>
| #endif
| #ifdef HAVE_STDINT_H
| # include <stdint.h>
| #endif
| #ifdef HAVE_UNISTD_H
| # include <unistd.h>
| #endif
| int
| main ()
| {
| if (sizeof ((size_t)))
| 	    return 0;
|   ;
|   return 0;
| }
configure:5014: result: yes
configure:5025: checking for uint16_t
configure:5025: gcc -c -g -O2  conftest.c >&5
configure:5025: $? = 0
configure:5025: result: yes
configure:5037: checking for uint32_t
configure:5037: gcc -c -g -O2  conftest.c >&5
configure:5037: $? = 0
configure:5037: result: yes
configure:5051: checking for uint64_t
configure:5051: gcc -c -g -O2  conftest.c >&5
configure:5051: $? = 0
configure:5051: result: yes
configure:5065: checking for uint8_t
configure:5065: gcc -c -g -O2  conftest.c >&5
configure:5065: $? = 0
configure:5065: result: yes
configure:5079: checking for ptrdiff_t
configure:5079: gcc -c -g -O2  conftest.c >&5
configure:5079: $? = 0
configure:5079: gcc -c -g -O2  conftest.c >&5
conftest.c: In function 'main':
conftest.c:61:24: error: expected expression before ')' token
 if (sizeof ((ptrdiff_t)))
                        ^
configure:5079: $? = 1
configure: failed program was:
| /* confdefs.h */
| #define PACKAGE_NAME "lndid"
| #define PACKAGE_TARNAME "lndid"
| #define PACKAGE_VERSION "0.0.1"
| #define PACKAGE_STRING "lndid 0.0.1"
| #define PACKAGE_BUGREPORT "michael@runcrypto.com"
| #define PACKAGE_URL ""
| #define PACKAGE "lndid"
| #define VERSION "0.0.1"
| #define STDC_HEADERS 1
| #define HAVE_SYS_TYPES_H 1
| #define HAVE_SYS_STAT_H 1
| #define HAVE_STDLIB_H 1
| #define HAVE_STRING_H 1
| #define HAVE_MEMORY_H 1
| #define HAVE_STRINGS_H 1
| #define HAVE_INTTYPES_H 1
| #define HAVE_STDINT_H 1
| #define HAVE_UNISTD_H 1
| #define HAVE_STDINT_H 1
| #define HAVE_STDLIB_H 1
| #define HAVE_STRING_H 1
| #define HAVE__BOOL 1
| /* end confdefs.h.  */
| #include <stdio.h>
| #ifdef HAVE_SYS_TYPES_H
| # include <sys/types.h>
| #endif
| #ifdef HAVE_SYS_STAT_H
| # include <sys/stat.h>
| #endif
| #ifdef STDC_HEADERS
| # include <stdlib.h>
| # include <stddef.h>
| #else
| # ifdef HAVE_STDLIB_H
| #  include <stdlib.h>
| # endif
| #endif
| #ifdef HAVE_STRING_H
| # if !defined STDC_HEADERS && defined HAVE_MEMORY_H
| #  include <memory.h>
| # endif
| # include <string.h>
| #endif
| #ifdef HAVE_STRINGS_H
| # include <strings.h>
| #endif
| #ifdef HAVE_INTTYPES_H
| # include <inttypes.h>
| #endif
| #ifdef HAVE_STDINT_H
| # include <stdint.h>
| #endif
| #ifdef HAVE_UNISTD_H
| # include <unistd.h>
| #endif
| int
| main ()
| {
| if (sizeof ((ptrdiff_t)))
| 	    return 0;
|   ;
|   return 0;
| }
configure:5079: result: yes
configure:5093: checking for memset
configure:5093: gcc -o conftest -g -O2   conftest.c  >&5
conftest.c:49:6: warning: conflicting types for built-in function 'memset' [-Wbuiltin-declaration-mismatch]
 char memset ();
      ^~~~~~
configure:5093: $? = 0
configure:5093: result: yes
configure:5250: checking that generated files are newer than configure
configure:5256: result: done
configure:5283: creating ./config.status

## ---------------------- ##
## Running config.status. ##
## ---------------------- ##

This file was extended by lndid config.status 0.0.1, which was
generated by GNU Autoconf 2.69.  Invocation command line was

  CONFIG_FILES    = 
  CONFIG_HEADERS  = 
  CONFIG_LINKS    = 
  CONFIG_COMMANDS = 
  $ ./config.status 

on KIR-00091

config.status:785: creating Makefile
config.status:785: creating src/Makefile
config.status:942: executing depfiles commands

## ---------------- ##
## Cache variables. ##
## ---------------- ##

ac_cv_c_compiler_gnu=yes
ac_cv_c_inline=inline
ac_cv_c_int16_t=yes
ac_cv_c_int32_t=yes
ac_cv_c_int64_t=yes
ac_cv_c_int8_t=yes
ac_cv_c_uint16_t=yes
ac_cv_c_uint32_t=yes
ac_cv_c_uint64_t=yes
ac_cv_c_uint8_t=yes
ac_cv_cxx_compiler_gnu=yes
ac_cv_env_CCC_set=
ac_cv_env_CCC_value=
ac_cv_env_CC_set=
ac_cv_env_CC_value=
ac_cv_env_CFLAGS_set=
ac_cv_env_CFLAGS_value=
ac_cv_env_CPPFLAGS_set=
ac_cv_env_CPPFLAGS_value=
ac_cv_env_CPP_set=
ac_cv_env_CPP_value=
ac_cv_env_CXXFLAGS_set=
ac_cv_env_CXXFLAGS_value=
ac_cv_env_CXX_set=
ac_cv_env_CXX_value=
ac_cv_env_LDFLAGS_set=
ac_cv_env_LDFLAGS_value=
ac_cv_env_LIBS_set=
ac_cv_env_LIBS_value=
ac_cv_env_build_alias_set=
ac_cv_env_build_alias_value=
ac_cv_env_host_alias_set=
ac_cv_env_host_alias_value=
ac_cv_env_target_alias_set=
ac_cv_env_target_alias_value=
ac_cv_func_memset=yes
ac_cv_header_inttypes_h=yes
ac_cv_header_memory_h=yes
ac_cv_header_stdbool_h=yes
ac_cv_header_stdc=yes
ac_cv_header_stdint_h=yes
ac_cv_header_stdlib_h=yes
ac_cv_header_string_h=yes
ac_cv_header_strings_h=yes
ac_cv_header_sys_stat_h=yes
ac_cv_header_sys_types_h=yes
ac_cv_header_unistd_h=yes
ac_cv_objext=o
ac_cv_path_EGREP='/bin/grep -E'
ac_cv_path_GREP=/bin/grep
ac_cv_path_install='/usr/bin/install -c'
ac_cv_path_mkdir=/bin/mkdir
ac_cv_prog_AWK=gawk
ac_cv_prog_CPP='gcc -E'
ac_cv_prog_ac_ct_CC=gcc
ac_cv_prog_ac_ct_CXX=g++
ac_cv_prog_cc_c89=
ac_cv_prog_cc_g=yes
ac_cv_prog_cxx_g=yes
ac_cv_prog_make_make_set=yes
ac_cv_type__Bool=yes
ac_cv_type_ptrdiff_t=yes
ac_cv_type_size_t=yes
am_cv_CC_dependencies_compiler_type=gcc3
am_cv_CXX_dependencies_compiler_type=gcc3
am_cv_make_support_nested_variables=yes
am_cv_prog_cc_c_o=yes

## ----------------- ##
## Output variables. ##
## ----------------- ##

ACLOCAL='${SHELL} /home/mhawkins/did-ln/missing aclocal-1.15'
AMDEPBACKSLASH='\'
AMDEP_FALSE='#'
AMDEP_TRUE=''
AMTAR='$${TAR-tar}'
AM_BACKSLASH='\'
AM_DEFAULT_V='$(AM_DEFAULT_VERBOSITY)'
AM_DEFAULT_VERBOSITY='1'
AM_V='$(V)'
AUTOCONF='${SHELL} /home/mhawkins/did-ln/missing autoconf'
AUTOHEADER='${SHELL} /home/mhawkins/did-ln/missing autoheader'
AUTOMAKE='${SHELL} /home/mhawkins/did-ln/missing automake-1.15'
AWK='gawk'
CC='gcc'
CCDEPMODE='depmode=gcc3'
CFLAGS='-g -O2'
CPP='gcc -E'
CPPFLAGS=''
CXX='g++'
CXXDEPMODE='depmode=gcc3'
CXXFLAGS='-g -O2'
CYGPATH_W='echo'
DEFS='-DPACKAGE_NAME=\"lndid\" -DPACKAGE_TARNAME=\"lndid\" -DPACKAGE_VERSION=\"0.0.1\" -DPACKAGE_STRING=\"lndid\ 0.0.1\" -DPACKAGE_BUGREPORT=\"michael@runcrypto.com\" -DPACKAGE_URL=\"\" -DPACKAGE=\"lndid\" -DVERSION=\"0.0.1\" -DSTDC_HEADERS=1 -DHAVE_SYS_TYPES_H=1 -DHAVE_SYS_STAT_H=1 -DHAVE_STDLIB_H=1 -DHAVE_STRING_H=1 -DHAVE_MEMORY_H=1 -DHAVE_STRINGS_H=1 -DHAVE_INTTYPES_H=1 -DHAVE_STDINT_H=1 -DHAVE_UNISTD_H=1 -DHAVE_STDINT_H=1 -DHAVE_STDLIB_H=1 -DHAVE_STRING_H=1 -DHAVE__BOOL=1 -DHAVE_PTRDIFF_T=1 -DHAVE_MEMSET=1'
DEPDIR='.deps'
ECHO_C=''
ECHO_N='-n'
ECHO_T=''
EGREP='/bin/grep -E'
EXEEXT=''
GREP='/bin/grep'
INSTALL_DATA='${INSTALL} -m 644'
INSTALL_PROGRAM='${INSTALL}'
INSTALL_SCRIPT='${INSTALL}'
INSTALL_STRIP_PROGRAM='$(install_sh) -c -s'
LDFLAGS=''
LIBOBJS=''
LIBS=''
LTLIBOBJS=''
MAKEINFO='${SHELL} /home/mhawkins/did-ln/missing makeinfo'
MKDIR_P='/bin/mkdir -p'
OBJEXT='o'
PACKAGE='lndid'
PACKAGE_BUGREPORT='michael@runcrypto.com'
PACKAGE_NAME='lndid'
PACKAGE_STRING='lndid 0.0.1'
PACKAGE_TARNAME='lndid'
PACKAGE_URL=''
PACKAGE_VERSION='0.0.1'
PATH_SEPARATOR=':'
SET_MAKE=''
SHELL='/bin/bash'
STRIP=''
VERSION='0.0.1'
ac_ct_CC='gcc'
ac_ct_CXX='g++'
am__EXEEXT_FALSE=''
am__EXEEXT_TRUE='#'
am__fastdepCC_FALSE='#'
am__fastdepCC_TRUE=''
am__fastdepCXX_FALSE='#'
am__fastdepCXX_TRUE=''
am__include='include'
am__isrc=' -I$(srcdir)'
am__leading_dot='.'
am__nodep='_no'
am__quote=''
am__tar='$${TAR-tar} chof - "$$tardir"'
am__untar='$${TAR-tar} xf -'
bindir='${exec_prefix}/bin'
build_alias=''
datadir='${datarootdir}'
datarootdir='${prefix}/share'
docdir='${datarootdir}/doc/${PACKAGE_TARNAME}'
dvidir='${docdir}'
exec_prefix='${prefix}'
host_alias=''
htmldir='${docdir}'
includedir='${prefix}/include'
infodir='${datarootdir}/info'
install_sh='${SHELL} /home/mhawkins/did-ln/install-sh'
libdir='${exec_prefix}/lib'
libexecdir='${exec_prefix}/libexec'
localedir='${datarootdir}/locale'
localstatedir='${prefix}/var'
mandir='${datarootdir}/man'
mkdir_p='$(MKDIR_P)'
oldincludedir='/usr/include'
pdfdir='${docdir}'
prefix='/usr/local'
program_transform_name='s,x,x,'
psdir='${docdir}'
runstatedir='${localstatedir}/run'
sbindir='${exec_prefix}/sbin'
sharedstatedir='${prefix}/com'
sysconfdir='${prefix}/etc'
target_alias=''

## ----------- ##
## confdefs.h. ##
## ----------- ##

/* confdefs.h */
#define PACKAGE_NAME "lndid"
#define PACKAGE_TARNAME "lndid"
#define PACKAGE_VERSION "0.0.1"
#define PACKAGE_STRING "lndid 0.0.1"
#define PACKAGE_BUGREPORT "michael@runcrypto.com"
#define PACKAGE_URL ""
#define PACKAGE "lndid"
#define VERSION "0.0.1"
#define STDC_HEADERS 1
#define HAVE_SYS_TYPES_H 1
#define HAVE_SYS_STAT_H 1
#define HAVE_STDLIB_H 1
#define HAVE_STRING_H 1
#define HAVE_MEMORY_H 1
#define HAVE_STRINGS_H 1
#define HAVE_INTTYPES_H 1
#define HAVE_STDINT_H 1
#define HAVE_UNISTD_H 1
#define HAVE_STDINT_H 1
#define HAVE_STDLIB_H 1
#define HAVE_STRING_H 1
#define HAVE__BOOL 1
#define HAVE_PTRDIFF_T 1
#define HAVE_MEMSET 1

configure: exit 0
